<?xml version="1.0" encoding="UTF-8"?>
<testsuite xmlns:xsi="http://www.w3.org/2001/XMLSchema-instance" xsi:noNamespaceSchemaLocation="https://maven.apache.org/surefire/maven-surefire-plugin/xsd/surefire-test-report.xsd" version="3.0.2" name="utn.ddsi.agregador.AgregadorApplicationTests" time="19.958" tests="1" errors="0" skipped="0" failures="0">
  <properties>
[...]
</properties>
  <testcase name="contextLoads" classname="utn.ddsi.agregador.AgregadorApplicationTests" time="0.007">
    <system-out><![CDATA[01:31:46.402 [main] INFO org.springframework.test.context.support.AnnotationConfigContextLoaderUtils -- Could not detect default configuration classes for test class [utn.ddsi.agregador.AgregadorApplicationTests]: AgregadorApplicationTests does not declare any static, non-private, non-final, nested classes annotated with @Configuration.
01:31:46.483 [main] INFO org.springframework.boot.test.context.SpringBootTestContextBootstrapper -- Found @SpringBootConfiguration utn.ddsi.agregador.AgregadorApplication for test class utn.ddsi.agregador.AgregadorApplicationTests

  .   ____          _            __ _ _
 /\\ / ___'_ __ _ _(_)_ __  __ _ \ \ \ \
( ( )\___ | '_ | '_| | '_ \/ _` | \ \ \ \
 \\/  ___)| |_)| | | | | || (_| |  ) ) ) )
  '  |____| .__|_| |_|_| |_\__, | / / / /
 =========|_|==============|___/=/_/_/_/

 :: Spring Boot ::                (v3.5.5)

2025-12-10T01:31:46.752-03:00  INFO 12055 --- [agregador] [           main] u.d.agregador.AgregadorApplicationTests  : Starting AgregadorApplicationTests using Java 17.0.17 with PID 12055 (started by diego in /home/diego/IdeaProjects/agregador-tp)
2025-12-10T01:31:46.753-03:00  INFO 12055 --- [agregador] [           main] u.d.agregador.AgregadorApplicationTests  : No active profile set, falling back to 1 default profile: "default"
2025-12-10T01:31:47.170-03:00  INFO 12055 --- [agregador] [           main] .s.d.r.c.RepositoryConfigurationDelegate : Bootstrapping Spring Data JPA repositories in DEFAULT mode.
2025-12-10T01:31:47.217-03:00  INFO 12055 --- [agregador] [           main] .s.d.r.c.RepositoryConfigurationDelegate : Finished Spring Data repository scanning in 40 ms. Found 8 JPA repository interfaces.
2025-12-10T01:31:47.580-03:00  INFO 12055 --- [agregador] [           main] o.hibernate.jpa.internal.util.LogHelper  : HHH000204: Processing PersistenceUnitInfo [name: default]
2025-12-10T01:31:47.610-03:00  INFO 12055 --- [agregador] [           main] org.hibernate.Version                    : HHH000412: Hibernate ORM core version 6.6.26.Final
2025-12-10T01:31:47.630-03:00  INFO 12055 --- [agregador] [           main] o.h.c.internal.RegionFactoryInitiator    : HHH000026: Second-level cache disabled
2025-12-10T01:31:47.719-03:00  INFO 12055 --- [agregador] [           main] o.s.o.j.p.SpringPersistenceUnitInfo      : No LoadTimeWeaver setup: ignoring JPA class transformer
2025-12-10T01:31:47.743-03:00  INFO 12055 --- [agregador] [           main] com.zaxxer.hikari.HikariDataSource       : HikariPool-1 - Starting...
2025-12-10T01:31:51.260-03:00  INFO 12055 --- [agregador] [           main] com.zaxxer.hikari.pool.HikariPool        : HikariPool-1 - Added connection com.mysql.cj.jdbc.ConnectionImpl@58ebfbcb
2025-12-10T01:31:51.262-03:00  INFO 12055 --- [agregador] [           main] com.zaxxer.hikari.HikariDataSource       : HikariPool-1 - Start completed.
2025-12-10T01:31:51.777-03:00  INFO 12055 --- [agregador] [           main] org.hibernate.orm.connections.pooling    : HHH10001005: Database info:
	Database JDBC URL [Connecting through datasource 'HikariDataSource (HikariPool-1)']
	Database driver: undefined/unknown
	Database version: 9.4
	Autocommit mode: undefined/unknown
	Isolation level: undefined/unknown
	Minimum pool size: undefined/unknown
	Maximum pool size: undefined/unknown
2025-12-10T01:31:52.364-03:00  INFO 12055 --- [agregador] [           main] o.h.e.t.j.p.i.JtaPlatformInitiator       : HHH000489: No JTA platform available (set 'hibernate.transaction.jta.platform' to enable JTA platform integration)
2025-12-10T01:32:04.560-03:00  INFO 12055 --- [agregador] [           main] j.LocalContainerEntityManagerFactoryBean : Initialized JPA EntityManagerFactory for persistence unit 'default'
2025-12-10T01:32:04.700-03:00  INFO 12055 --- [agregador] [           main] o.s.d.j.r.query.QueryEnhancerFactory     : Hibernate is in classpath; If applicable, HQL parser will be used.
2025-12-10T01:32:06.013-03:00  WARN 12055 --- [agregador] [           main] JpaBaseConfiguration$JpaWebConfiguration : spring.jpa.open-in-view is enabled by default. Therefore, database queries may be performed during view rendering. Explicitly configure spring.jpa.open-in-view to disable this warning
2025-12-10T01:32:06.261-03:00  INFO 12055 --- [agregador] [           main] u.d.agregador.AgregadorApplicationTests  : Started AgregadorApplicationTests in 19.691 seconds (process running for 22.674)
]]></system-out>
  </testcase>
</testsuite>